<?xml version="1.0" encoding="utf-8"?><testsuites name="pytest tests"><testsuite name="pytest" errors="0" failures="2" skipped="0" tests="178" time="142.862" timestamp="2026-09-11T11:22:02.520416+05:00" hostname="LAPTOP-UAM9FDHI"><testcase classname="backend.tests.test_adversarial_security" name="test_sandbox_adversarial_evasions" time="2.040" /><testcase classname="backend.tests.test_adversarial_security" name="test_duckdb_adversarial_queries" time="0.003" /><testcase classname="backend.tests.test_adversarial_security" name="test_ssrf_adversarial_vectors" time="0.005" /><testcase classname="backend.tests.test_adversarial_security" name="test_file_security_adversarial_inputs" time="0.002" /><testcase classname="backend.tests.test_adversarial_security" name="test_adversarial_cross_tenant_idor" time="1.572" /><testcase classname="backend.tests.test_agent_state_machine" name="test_agent_orchestrator_execution_lifecycle" time="0.720" /><testcase classname="backend.tests.test_agent_state_machine" name="test_agent_cancellation" time="0.670" /><testcase classname="backend.tests.test_auth_rbac" name="test_user_registration_and_login" time="1.218" /><testcase classname="backend.tests.test_auth_rbac" name="test_workspace_isolation_and_cross_tenant_denial" time="1.267" /><testcase classname="backend.tests.test_auth_rbac" name="test_unauthorized_sse_stream_cross_tenant_denial" time="1.860" /><testcase classname="backend.tests.test_auth_rbac" name="test_viewer_role_mutating_restrictions" time="1.280" /><testcase classname="backend.tests.test_duckdb_security" name="test_duckdb_prohibits_file_access_and_admin_commands" time="0.002" /><testcase classname="backend.tests.test_duckdb_security" name="test_duckdb_complex_types_and_json_serialization" time="0.552" /><testcase classname="backend.tests.test_e2e_investigation_lifecycle" name="test_complete_e2e_investigation_and_lineage_flow" time="1.299" /><testcase classname="backend.tests.test_evidence_lineage" name="test_evidence_lineage_graph_api" time="0.865" /><testcase classname="backend.tests.test_file_guard" name="test_filename_sanitization_path_traversal" time="0.002" /><testcase classname="backend.tests.test_file_guard" name="test_magic_byte_validation" time="0.001" /><testcase classname="backend.tests.test_file_guard" name="test_detect_modality" time="0.001" /><testcase classname="backend.tests.test_health_and_lifecycle" name="test_health_check_endpoint" time="0.263" /><testcase classname="backend.tests.test_health_and_lifecycle" name="test_parquet_file_unlinking_on_document_delete" time="0.853" /><testcase classname="backend.tests.test_health_and_lifecycle" name="test_workspace_list_aggregation_query" time="0.823" /><testcase classname="backend.tests.test_hybrid_retrieval_contract" name="test_embedding_provider_unavailable_is_explicit" time="0.006" /><testcase classname="backend.tests.test_hybrid_retrieval_contract" name="test_embedding_dimension_configuration_rejects_mismatch" time="0.002" /><testcase classname="backend.tests.test_hybrid_retrieval_contract" name="test_retrieval_rejects_invalid_requests[-5-EMPTY_RETRIEVAL_QUERY]" time="0.767" /><testcase classname="backend.tests.test_hybrid_retrieval_contract" name="test_retrieval_rejects_invalid_requests[x-0-INVALID_TOP_K]" time="0.812" /><testcase classname="backend.tests.test_hybrid_retrieval_contract" name="test_retrieval_rejects_invalid_requests[x-101-INVALID_TOP_K]" time="0.767" /><testcase classname="backend.tests.test_hybrid_retrieval_contract" name="test_retrieval_rejects_huge_query" time="0.711" /><testcase classname="backend.tests.test_hybrid_retrieval_contract" name="test_retrieval_rejects_malformed_source_id" time="0.851" /><testcase classname="backend.tests.test_hybrid_retrieval_contract" name="test_sqlite_fallback_is_labeled_and_tenant_filtered" time="0.856" /><testcase classname="backend.tests.test_phase1_integrity" name="test_unsupported_and_invalid_references_are_rejected" time="0.870" /><testcase classname="backend.tests.test_phase1_integrity" name="test_cross_workspace_evidence_is_rejected" time="0.802" /><testcase classname="backend.tests.test_phase1_integrity" name="test_multiple_calculations_resolve_by_exact_id" time="0.845" /><testcase classname="backend.tests.test_phase1_integrity" name="test_unsupported_recommendation_is_rejected" time="0.742" /><testcase classname="backend.tests.test_phase1_integrity" name="test_provider_failure_has_explicit_state" time="0.005" /><testcase classname="backend.tests.test_phase1_integrity" name="test_audio_unavailable_has_no_transcript" time="0.539" /><testcase classname="backend.tests.test_phase1_integrity" name="test_image_without_vision_has_only_deterministic_metadata" time="0.799" /><testcase classname="backend.tests.test_phase3_closure_gates" name="test_live_concurrent_domain_idempotency" time="1.448" /><testcase classname="backend.tests.test_phase3_closure_gates" name="test_live_stale_worker_rejected_before_tool_and_finalization" time="1.134" /><testcase classname="backend.tests.test_phase3_closure_gates" name="test_live_stale_worker_result_is_fenced_at_finalization" time="1.441" /><testcase classname="backend.tests.test_phase3_closure_gates" name="test_live_crash_before_commit_recovers_through_worker_runtime" time="1.757" /><testcase classname="backend.tests.test_phase3_crash_recovery" name="test_crash_before_commit_orphans_attempt_and_recovery_is_bounded" time="0.916" /><testcase classname="backend.tests.test_phase3_crash_recovery" name="test_crash_after_commit_reuses_authoritative_synthesis" time="0.717" /><testcase classname="backend.tests.test_phase3_crash_recovery" name="test_crash_after_verification_preserves_terminal_step_state" time="0.995" /><testcase classname="backend.tests.test_phase3_crash_recovery" name="test_synthesis_replay_provider_not_called_again" time="0.805" /><testcase classname="backend.tests.test_phase3_crash_recovery" name="test_replan_replay_reuses_v2" time="0.866" /><testcase classname="backend.tests.test_phase3_crash_recovery" name="test_cancellation_survives_recovery" time="0.915" /><testcase classname="backend.tests.test_phase3_lifecycle_events" name="test_investigation_creation_persists_event" time="0.905" /><testcase classname="backend.tests.test_phase3_lifecycle_events" name="test_failed_step_persists_step_failed_event" time="0.822" /><testcase classname="backend.tests.test_phase3_lifecycle_events" name="test_transport_publishes_persisted_event_identity" time="0.905" /><testcase classname="backend.tests.test_phase3_live_concurrency" name="test_live_worker_race_and_lease_takeover" time="1.276" /><testcase classname="backend.tests.test_phase3_live_concurrency" name="test_live_concurrent_event_idempotency" time="0.858" /><testcase classname="backend.tests.test_phase3_runtime" name="test_plan_rejects_unknown_duplicate_and_cycles" time="0.002" /><testcase classname="backend.tests.test_phase3_runtime" name="test_registry_invokes_new_tool_without_orchestrator_branch" time="0.005" /><testcase classname="backend.tests.test_phase3_runtime" name="test_registry_timeout_is_bounded" time="0.015" /><testcase classname="backend.tests.test_phase3_runtime" name="test_transition_rules_are_explicit_and_persisted" time="0.803" /><testcase classname="backend.tests.test_phase3_runtime" name="test_durable_executor_persists_plan_attempt_and_observation" time="0.880" /><testcase classname="backend.tests.test_phase3_runtime" name="test_replan_preserves_version_history" time="0.984" /><testcase classname="backend.tests.test_phase3_runtime" name="test_automatic_observation_replan_increments_version" time="1.103" /><testcase classname="backend.tests.test_phase3_runtime" name="test_lease_and_resume_orphan_running_attempt" time="0.925" /><testcase classname="backend.tests.test_phase3_runtime" name="test_contradictions_are_explicit_and_preserve_both_evidence" time="0.826" /><testcase classname="backend.tests.test_phase3_runtime" name="test_worker_claim_and_event_output_idempotency" time="0.864" /><testcase classname="backend.tests.test_phase3_runtime" name="test_terminal_investigation_is_noop" time="0.844" /><testcase classname="backend.tests.test_phase3_runtime" name="test_production_entrypoint_uses_registry_runtime" time="1.085" /><testcase classname="backend.tests.test_phase4_runner_boundary" name="test_runner_contract_forbids_docker_control_injection[image-evil-image]" time="0.009" /><testcase classname="backend.tests.test_phase4_runner_boundary" name="test_runner_contract_forbids_docker_control_injection[mounts-value1]" time="0.002" /><testcase classname="backend.tests.test_phase4_runner_boundary" name="test_runner_contract_forbids_docker_control_injection[network_mode-host]" time="0.001" /><testcase classname="backend.tests.test_phase4_runner_boundary" name="test_runner_contract_forbids_docker_control_injection[privileged-True]" time="0.001" /><testcase classname="backend.tests.test_phase4_runner_boundary" name="test_runner_contract_forbids_docker_control_injection[env-value4]" time="0.001" /><testcase classname="backend.tests.test_phase4_runner_boundary" name="test_runner_contract_forbids_docker_control_injection[command-value5]" time="0.001" /><testcase classname="backend.tests.test_phase4_runner_boundary" name="test_runner_requires_authentication_and_accepts_only_narrow_contract" time="0.016" /><testcase classname="backend.tests.test_phase4_runner_boundary" name="test_backend_runner_payload_has_no_runtime_controls" time="0.002" /><testcase classname="backend.tests.test_phase4_runner_boundary" name="test_production_mode_fails_closed_even_when_local_docker_exists" time="0.002" /><testcase classname="backend.tests.test_phase4_runner_boundary" name="test_direct_local_launcher_is_also_disabled_in_production" time="0.002" /><testcase classname="backend.tests.test_phase4_sandbox_security" name="test_sandbox_safe_calculation_uses_container" time="3.639" /><testcase classname="backend.tests.test_phase4_sandbox_security" name="test_container_does_not_receive_application_secrets" time="3.803" /><testcase classname="backend.tests.test_phase4_sandbox_security" name="test_container_cannot_read_application_or_host_paths" time="3.418" /><testcase classname="backend.tests.test_phase4_sandbox_security" name="test_container_root_is_read_only_but_tmpfs_is_disposable" time="3.049" /><testcase classname="backend.tests.test_phase4_sandbox_security" name="test_container_network_is_disabled_even_if_static_policy_is_bypassed" time="2.361" /><testcase classname="backend.tests.test_phase4_sandbox_security" name="test_container_cannot_reach_localhost_or_backend_network" time="1.972" /><testcase classname="backend.tests.test_phase4_sandbox_security" name="test_infinite_loop_is_terminated_by_wall_clock_limit" time="2.285" /><testcase classname="backend.tests.test_phase4_sandbox_security" name="test_stdout_is_bounded" time="1.669" /><testcase classname="backend.tests.test_phase4_sandbox_security" name="test_memory_limit_contains_large_allocation" time="4.731" /><testcase classname="backend.tests.test_phase4_sandbox_security" name="test_process_creation_is_contained_by_pid_limit" time="2.525" /><testcase classname="backend.tests.test_phase4_sandbox_security" name="test_concurrent_sandboxes_have_distinct_execution_ids" time="1.758" /><testcase classname="backend.tests.test_phase4_sandbox_security" name="test_unavailable_production_runner_fails_closed" time="0.002" /><testcase classname="backend.tests.test_phase4_ssrf_policy" name="test_private_and_ambiguous_targets_are_blocked[127.0.0.1]" time="0.002" /><testcase classname="backend.tests.test_phase4_ssrf_policy" name="test_private_and_ambiguous_targets_are_blocked[127.1]" time="0.002" /><testcase classname="backend.tests.test_phase4_ssrf_policy" name="test_private_and_ambiguous_targets_are_blocked[localhost]" time="0.002" /><testcase classname="backend.tests.test_phase4_ssrf_policy" name="test_private_and_ambiguous_targets_are_blocked[::1]" time="0.002" /><testcase classname="backend.tests.test_phase4_ssrf_policy" name="test_private_and_ambiguous_targets_are_blocked[10.1.2.3]" time="0.002" /><testcase classname="backend.tests.test_phase4_ssrf_policy" name="test_private_and_ambiguous_targets_are_blocked[172.16.0.1]" time="0.002" /><testcase classname="backend.tests.test_phase4_ssrf_policy" name="test_private_and_ambiguous_targets_are_blocked[192.168.1.1]" time="0.002" /><testcase classname="backend.tests.test_phase4_ssrf_policy" name="test_private_and_ambiguous_targets_are_blocked[169.254.169.254]" time="0.001" /><testcase classname="backend.tests.test_phase4_ssrf_policy" name="test_private_and_ambiguous_targets_are_blocked[fc00::1]" time="0.005" /><testcase classname="backend.tests.test_phase4_ssrf_policy" name="test_private_and_ambiguous_targets_are_blocked[fe80::1]" time="0.002" /><testcase classname="backend.tests.test_phase4_ssrf_policy" name="test_private_and_ambiguous_targets_are_blocked[::ffff:127.0.0.1]" time="0.002" /><testcase classname="backend.tests.test_phase4_ssrf_policy" name="test_private_and_ambiguous_targets_are_blocked[::ffff:192.168.1.1]" time="0.002" /><testcase classname="backend.tests.test_phase4_ssrf_policy" name="test_private_and_ambiguous_targets_are_blocked[100.64.0.1]" time="0.002" /><testcase classname="backend.tests.test_phase4_ssrf_policy" name="test_unsupported_schemes_are_blocked[file]" time="0.002" /><testcase classname="backend.tests.test_phase4_ssrf_policy" name="test_unsupported_schemes_are_blocked[ftp]" time="0.002" /><testcase classname="backend.tests.test_phase4_ssrf_policy" name="test_unsupported_schemes_are_blocked[gopher]" time="0.002" /><testcase classname="backend.tests.test_phase4_ssrf_policy" name="test_unsupported_schemes_are_blocked[data]" time="0.002" /><testcase classname="backend.tests.test_phase4_ssrf_policy" name="test_unsupported_schemes_are_blocked[javascript]" time="0.002" /><testcase classname="backend.tests.test_phase4_ssrf_policy" name="test_unsupported_schemes_are_blocked[dict]" time="0.001" /><testcase classname="backend.tests.test_phase4_ssrf_policy" name="test_unsupported_schemes_are_blocked[smb]" time="0.002" /><testcase classname="backend.tests.test_phase4_ssrf_policy" name="test_unsupported_schemes_are_blocked[ldap]" time="0.002" /><testcase classname="backend.tests.test_phase4_ssrf_policy" name="test_unsupported_schemes_are_blocked[unix]" time="0.001" /><testcase classname="backend.tests.test_phase4_ssrf_policy" name="test_credentials_and_unapproved_ports_are_blocked" time="0.002" /><testcase classname="backend.tests.test_phase4_ssrf_policy" name="test_numeric_and_malformed_hosts_are_blocked" time="0.002" /><testcase classname="backend.tests.test_phase4_ssrf_policy" name="test_ip_classification_handles_mapped_and_reserved_ranges" time="0.002" /><testcase classname="backend.tests.test_phase4_ssrf_policy" name="test_dns_resolution_rejects_any_private_answer" time="0.001" /><testcase classname="backend.tests.test_phase4_ssrf_policy" name="test_dns_validation_is_pinned_to_transport_target" time="0.003" /><testcase classname="backend.tests.test_phase4_ssrf_policy" name="test_redirect_targets_are_revalidated_and_response_is_untrusted" time="0.085" /><testcase classname="backend.tests.test_phase4_ssrf_policy" name="test_large_content_length_is_rejected_before_body_read" time="0.006" /><testcase classname="backend.tests.test_phase4_ssrf_policy" name="test_web_content_is_explicitly_untrusted" time="0.016" /><testcase classname="backend.tests.test_phase4_ssrf_policy" name="test_redirect_loop_is_bounded" time="0.004" /><testcase classname="backend.tests.test_phase4_ssrf_policy" name="test_chunked_and_decoded_response_limits_are_enforced" time="0.004" /><testcase classname="backend.tests.test_phase4_ssrf_policy" name="test_compressed_response_decoded_limit_is_enforced" time="0.004" /><testcase classname="backend.tests.test_phase4_ssrf_policy" name="test_slow_response_is_bounded_by_total_timeout" time="0.028" /><testcase classname="backend.tests.test_phase4_ssrf_policy" name="test_binary_content_type_is_blocked" time="0.007" /><testcase classname="backend.tests.test_phase4_ssrf_policy" name="test_missing_content_type_is_blocked" time="0.006" /><testcase classname="backend.tests.test_phase5_gemini_provider_contract" name="test_current_gemini_models_have_explicit_modality_capabilities" time="0.001" /><testcase classname="backend.tests.test_phase5_gemini_provider_contract" name="test_capability_matrix_uses_dedicated_models" time="0.025" /><testcase classname="backend.tests.test_phase5_gemini_provider_contract" name="test_vision_interaction_uses_image_and_structured_response" time="0.244" /><testcase classname="backend.tests.test_phase5_gemini_provider_contract" name="test_transcription_request_uses_verbatim_word_timestamps_and_diarization" time="0.499" /><testcase classname="backend.tests.test_phase5_gemini_provider_contract" name="test_transcription_parser_does_not_invent_timestamps_or_speakers" time="0.002" /><testcase classname="backend.tests.test_phase5_gemini_provider_contract" name="test_gemini_is_preferred_over_openai_for_audio_when_both_are_configured" time="0.002" /><testcase classname="backend.tests.test_phase5_gemini_provider_contract" name="test_provider_http_failure_is_typed_and_fail_closed" time="0.004" /><testcase classname="backend.tests.test_phase5_multimodal" name="test_native_pdf_text_preserves_page_and_method" time="0.352" /><testcase classname="backend.tests.test_phase5_multimodal" name="test_scanned_pdf_uses_real_ocr_or_explicit_unavailability" time="0.127" /><testcase classname="backend.tests.test_phase5_multimodal" name="test_mixed_pdf_retains_native_and_ocr_or_failure_provenance" time="0.393" /><testcase classname="backend.tests.test_phase5_multimodal" name="test_parse_pdf_compatibility_api_includes_method_and_page" time="0.341" /><testcase classname="backend.tests.test_phase5_multimodal" name="test_image_validation_uses_actual_dimensions_and_rejects_malformed" time="0.176" /><testcase classname="backend.tests.test_phase5_multimodal" name="test_image_vision_structured_output_is_distinguished_from_ocr" time="0.441" /><testcase classname="backend.tests.test_phase5_multimodal" name="test_image_provider_failure_never_invents_description" time="0.144" /><testcase classname="backend.tests.test_phase5_multimodal" name="test_malformed_audio_is_rejected_before_provider_lookup" time="0.062" /><testcase classname="backend.tests.test_phase5_multimodal" name="test_audio_without_provider_is_truthfully_unavailable_for_valid_wav" time="0.036" /><testcase classname="backend.tests.test_phase5_multimodal" name="test_malformed_non_wav_audio_is_rejected" time="0.067" /><testcase classname="backend.tests.test_phase5_multimodal" name="test_audio_segments_preserve_provider_timestamps_and_null_speakers" time="0.043"><failure message="AssertionError: assert 'TRANSCRIPTION_UNAVAILABLE' == 'READY'&#10;  &#10;  - READY&#10;  + TRANSCRIPTION_UNAVAILABLE">tmp_path = WindowsPath('C:/Users/Sohaib/AppData/Local/Temp/pytest-of-Sohaib/pytest-9/test_audio_segments_preserve_p0')
monkeypatch = &lt;_pytest.monkeypatch.MonkeyPatch object at 0x0000021E72783140&gt;

    @pytest.mark.asyncio
    async def test_audio_segments_preserve_provider_timestamps_and_null_speakers(tmp_path, monkeypatch):
        path = tmp_path / "speech.wav"
        with wave.open(str(path), "wb") as handle:
            handle.setnchannels(1)
            handle.setsampwidth(2)
            handle.setframerate(8000)
            handle.writeframes(b"\x00\x00" * 800)
    
        class FakeProvider:
            model = "test-audio"
    
            async def transcribe_audio(self, *_args, **_kwargs):
                return AudioAnalysis(segments=[TranscriptSegment(start_ms=120, end_ms=980, text="Revenue increased")])
    
        monkeypatch.setattr("app.ingestion.audio_parser.configured_gemini_multimodal", lambda: FakeProvider())
        parsed = await transcribe_audio_recording(str(path))
&gt;       assert parsed["status"] == ExtractionStatus.READY.value
E       AssertionError: assert 'TRANSCRIPTION_UNAVAILABLE' == 'READY'
E         
E         - READY
E         + TRANSCRIPTION_UNAVAILABLE

backend\tests\test_phase5_multimodal.py:214: AssertionError</failure></testcase><testcase classname="backend.tests.test_phase5_multimodal" name="test_audio_provider_empty_result_is_no_text_not_fabricated" time="0.154"><failure message="AssertionError: assert 'TRANSCRIPTION_UNAVAILABLE' == 'NO_TEXT_DETECTED'&#10;  &#10;  - NO_TEXT_DETECTED&#10;  + TRANSCRIPTION_UNAVAILABLE">tmp_path = WindowsPath('C:/Users/Sohaib/AppData/Local/Temp/pytest-of-Sohaib/pytest-9/test_audio_provider_empty_resu0')
monkeypatch = &lt;_pytest.monkeypatch.MonkeyPatch object at 0x0000021E72813FB0&gt;

    @pytest.mark.asyncio
    async def test_audio_provider_empty_result_is_no_text_not_fabricated(tmp_path, monkeypatch):
        path = tmp_path / "silence.wav"
        with wave.open(str(path), "wb") as handle:
            handle.setnchannels(1)
            handle.setsampwidth(2)
            handle.setframerate(8000)
            handle.writeframes(b"\x00\x00" * 800)
    
        class EmptyProvider:
            model = "test-audio"
    
            async def transcribe_audio(self, *_args, **_kwargs):
                return AudioAnalysis()
    
        monkeypatch.setattr("app.ingestion.audio_parser.configured_gemini_multimodal", lambda: EmptyProvider())
        parsed = await transcribe_audio_recording(str(path))
&gt;       assert parsed["status"] == ExtractionStatus.NO_TEXT_DETECTED.value
E       AssertionError: assert 'TRANSCRIPTION_UNAVAILABLE' == 'NO_TEXT_DETECTED'
E         
E         - NO_TEXT_DETECTED
E         + TRANSCRIPTION_UNAVAILABLE

backend\tests\test_phase5_multimodal.py:237: AssertionError</failure></testcase><testcase classname="backend.tests.test_phase5_multimodal" name="test_production_upload_reports_image_analysis_unavailable_truthfully" time="0.885" /><testcase classname="backend.tests.test_phase5_multimodal" name="test_production_pdf_upload_persists_page_provenance_and_stable_identity" time="1.143" /><testcase classname="backend.tests.test_phase5_multimodal" name="test_capability_matrix_is_explicit_and_non_semantic_without_provider" time="0.026" /><testcase classname="backend.tests.test_phase5_multimodal" name="test_extraction_identity_is_stable_and_lineage_based" time="0.002" /><testcase classname="backend.tests.test_phase5_multimodal" name="test_multimodal_chunks_are_retrievable_with_source_provenance" time="0.759" /><testcase classname="backend.tests.test_phase5_multimodal" name="test_image_and_audio_extractions_are_retrievable_with_modality_provenance" time="0.778" /><testcase classname="backend.tests.test_phase5_multimodal" name="test_multimodal_chunk_promotes_through_evidence_and_verified_claim" time="0.739" /><testcase classname="backend.tests.test_phase5_multimodal" name="test_gemini_multimodal_contract_parses_structured_provider_output" time="0.076" /><testcase classname="backend.tests.test_phase6_platform" name="test_short_access_token_contains_minimal_session_claims" time="0.761" /><testcase classname="backend.tests.test_phase6_platform" name="test_refresh_rotates_hash_and_replay_revokes_session" time="0.797" /><testcase classname="backend.tests.test_phase6_platform" name="test_logout_revokes_refresh_and_access_session" time="0.781" /><testcase classname="backend.tests.test_phase6_platform" name="test_expired_and_malformed_access_tokens_rejected" time="0.764" /><testcase classname="backend.tests.test_phase6_platform" name="test_login_rate_limit_and_window_state_persist" time="0.453" /><testcase classname="backend.tests.test_phase6_platform" name="test_cors_and_security_headers" time="0.268" /><testcase classname="backend.tests.test_phase6_platform" name="test_refresh_rejects_untrusted_browser_origin" time="0.846" /><testcase classname="backend.tests.test_phase6_platform" name="test_production_configuration_fails_closed" time="0.003" /><testcase classname="backend.tests.test_phase6_platform" name="test_production_rejects_insecure_cookie" time="0.001" /><testcase classname="backend.tests.test_phase6_platform" name="test_sse_route_has_no_query_token_contract" time="0.001" /><testcase classname="backend.tests.test_phase6_platform" name="test_sse_releases_database_before_waiting_on_client" time="0.024" /><testcase classname="backend.tests.test_phase6_platform" name="test_broadcaster_detaches_full_queue_without_blocking_fast_client" time="0.013" /><testcase classname="backend.tests.test_phase6_platform" name="test_sse_rejects_cursor_outside_authorized_investigation" time="0.007" /><testcase classname="backend.tests.test_postgres_hybrid_retrieval" name="test_clean_postgres_database_migrated_to_phase2" time="10.896" /><testcase classname="backend.tests.test_postgres_hybrid_retrieval" name="test_vector_persistence_and_semantic_ranking" time="9.236" /><testcase classname="backend.tests.test_postgres_hybrid_retrieval" name="test_postgres_fts_and_deterministic_rrf" time="7.524" /><testcase classname="backend.tests.test_postgres_hybrid_retrieval" name="test_tenant_and_source_filters_are_database_predicates" time="8.060" /><testcase classname="backend.tests.test_postgres_hybrid_retrieval" name="test_hnsw_gin_indexes_and_query_plans" time="7.551" /><testcase classname="backend.tests.test_python_sandbox" name="test_sandbox_safe_math_calculation" time="1.392" /><testcase classname="backend.tests.test_python_sandbox" name="test_sandbox_rejection_of_dangerous_imports" time="0.003" /><testcase classname="backend.tests.test_python_sandbox" name="test_sandbox_rejection_of_introspection" time="0.003" /><testcase classname="backend.tests.test_python_sandbox" name="test_sandbox_rejection_of_pandas_and_numpy_escapes" time="0.004" /><testcase classname="backend.tests.test_python_sandbox" name="test_sandbox_timeout_enforcement" time="2.042" /><testcase classname="backend.tests.test_retrieval_metrics" name="test_retrieval_metrics_are_calculated_from_ranked_results" time="0.001" /><testcase classname="backend.tests.test_ssrf" name="test_prohibited_ip_ranges" time="0.002" /><testcase classname="backend.tests.test_ssrf" name="test_url_security_validation" time="0.002" /><testcase classname="backend.tests.test_ssrf" name="test_relative_redirect_url_resolution" time="0.045" /><testcase classname="backend.tests.test_tabular" name="test_clean_table_name" time="0.001" /><testcase classname="backend.tests.test_tabular" name="test_tabular_parquet_and_duckdb_execution" time="0.176" /><testcase classname="backend.tests.test_tabular" name="test_tabular_reupload_upsert" time="0.291" /></testsuite></testsuites>