<?xml version="1.0" encoding="utf-8"?><testsuites name="pytest tests"><testsuite name="pytest" errors="0" failures="0" skipped="0" tests="187" time="38.440" timestamp="2026-09-20T20:13:13.453733+05:00" hostname="LAPTOP-UAM9FDHI"><testcase classname="backend.tests.test_adversarial_security" name="test_sandbox_adversarial_evasions" time="1.256" /><testcase classname="backend.tests.test_adversarial_security" name="test_duckdb_adversarial_queries" time="0.001" /><testcase classname="backend.tests.test_adversarial_security" name="test_ssrf_adversarial_vectors" time="0.002" /><testcase classname="backend.tests.test_adversarial_security" name="test_file_security_adversarial_inputs" time="0.001" /><testcase classname="backend.tests.test_adversarial_security" name="test_adversarial_cross_tenant_idor" time="0.600" /><testcase classname="backend.tests.test_agent_state_machine" name="test_agent_orchestrator_execution_lifecycle" time="0.278" /><testcase classname="backend.tests.test_agent_state_machine" name="test_agent_cancellation" time="0.254" /><testcase classname="backend.tests.test_auth_rbac" name="test_user_registration_and_login" time="0.464" /><testcase classname="backend.tests.test_auth_rbac" name="test_workspace_isolation_and_cross_tenant_denial" time="0.462" /><testcase classname="backend.tests.test_auth_rbac" name="test_unauthorized_sse_stream_cross_tenant_denial" time="0.448" /><testcase classname="backend.tests.test_auth_rbac" name="test_viewer_role_mutating_restrictions" time="0.455" /><testcase classname="backend.tests.test_duckdb_security" name="test_duckdb_prohibits_file_access_and_admin_commands" time="0.001" /><testcase classname="backend.tests.test_duckdb_security" name="test_duckdb_complex_types_and_json_serialization" time="0.041" /><testcase classname="backend.tests.test_e2e_investigation_lifecycle" name="test_complete_e2e_investigation_and_lineage_flow" time="0.372" /><testcase classname="backend.tests.test_evidence_lineage" name="test_evidence_lineage_graph_api" time="0.302" /><testcase classname="backend.tests.test_file_guard" name="test_filename_sanitization_path_traversal" time="0.001" /><testcase classname="backend.tests.test_file_guard" name="test_magic_byte_validation" time="0.000" /><testcase classname="backend.tests.test_file_guard" name="test_detect_modality" time="0.000" /><testcase classname="backend.tests.test_final_audit_closure" name="test_default_runtime_uses_provider_plan_tools_and_grounded_synthesis" time="0.409" /><testcase classname="backend.tests.test_final_audit_closure" name="test_calculation_hash_is_canonical_and_nested_lineage_is_checked" time="0.310" /><testcase classname="backend.tests.test_final_audit_closure" name="test_source_invalidation_revokes_persisted_claim_and_report" time="0.347" /><testcase classname="backend.tests.test_final_audit_closure" name="test_sandbox_runner_health_requires_runner_secret" time="0.001" /><testcase classname="backend.tests.test_final_audit_closure" name="test_unmatched_metric_route_label_is_bounded" time="0.053" /><testcase classname="backend.tests.test_health_and_lifecycle" name="test_health_check_endpoint" time="0.057" /><testcase classname="backend.tests.test_health_and_lifecycle" name="test_parquet_file_unlinking_on_document_delete" time="0.266" /><testcase classname="backend.tests.test_health_and_lifecycle" name="test_workspace_list_aggregation_query" time="0.261" /><testcase classname="backend.tests.test_hybrid_retrieval_contract" name="test_embedding_provider_unavailable_is_explicit" time="0.002" /><testcase classname="backend.tests.test_hybrid_retrieval_contract" name="test_embedding_dimension_configuration_rejects_mismatch" time="0.001" /><testcase classname="backend.tests.test_hybrid_retrieval_contract" name="test_retrieval_rejects_invalid_requests[-5-EMPTY_RETRIEVAL_QUERY]" time="0.275" /><testcase classname="backend.tests.test_hybrid_retrieval_contract" name="test_retrieval_rejects_invalid_requests[x-0-INVALID_TOP_K]" time="0.293" /><testcase classname="backend.tests.test_hybrid_retrieval_contract" name="test_retrieval_rejects_invalid_requests[x-101-INVALID_TOP_K]" time="0.249" /><testcase classname="backend.tests.test_hybrid_retrieval_contract" name="test_retrieval_rejects_huge_query" time="0.246" /><testcase classname="backend.tests.test_hybrid_retrieval_contract" name="test_retrieval_rejects_malformed_source_id" time="0.255" /><testcase classname="backend.tests.test_hybrid_retrieval_contract" name="test_sqlite_fallback_is_labeled_and_tenant_filtered" time="0.270" /><testcase classname="backend.tests.test_phase1_integrity" name="test_unsupported_and_invalid_references_are_rejected" time="0.249" /><testcase classname="backend.tests.test_phase1_integrity" name="test_cross_workspace_evidence_is_rejected" time="0.252" /><testcase classname="backend.tests.test_phase1_integrity" name="test_multiple_calculations_resolve_by_exact_id" time="0.266" /><testcase classname="backend.tests.test_phase1_integrity" name="test_unsupported_recommendation_is_rejected" time="0.251" /><testcase classname="backend.tests.test_phase1_integrity" name="test_provider_failure_has_explicit_state" time="0.002" /><testcase classname="backend.tests.test_phase1_integrity" name="test_audio_unavailable_has_no_transcript" time="0.005" /><testcase classname="backend.tests.test_phase1_integrity" name="test_image_without_vision_has_only_deterministic_metadata" time="0.052" /><testcase classname="backend.tests.test_phase3_closure_gates" name="test_live_concurrent_domain_idempotency" time="0.139" /><testcase classname="backend.tests.test_phase3_closure_gates" name="test_live_stale_worker_rejected_before_tool_and_finalization" time="0.118" /><testcase classname="backend.tests.test_phase3_closure_gates" name="test_live_stale_worker_result_is_fenced_at_finalization" time="0.120" /><testcase classname="backend.tests.test_phase3_closure_gates" name="test_live_crash_before_commit_recovers_through_worker_runtime" time="0.294" /><testcase classname="backend.tests.test_phase3_crash_recovery" name="test_crash_before_commit_orphans_attempt_and_recovery_is_bounded" time="0.270" /><testcase classname="backend.tests.test_phase3_crash_recovery" name="test_crash_after_commit_reuses_authoritative_synthesis" time="0.252" /><testcase classname="backend.tests.test_phase3_crash_recovery" name="test_crash_after_verification_preserves_terminal_step_state" time="0.262" /><testcase classname="backend.tests.test_phase3_crash_recovery" name="test_synthesis_replay_provider_not_called_again" time="0.279" /><testcase classname="backend.tests.test_phase3_crash_recovery" name="test_replan_replay_reuses_v2" time="0.308" /><testcase classname="backend.tests.test_phase3_crash_recovery" name="test_cancellation_survives_recovery" time="0.267" /><testcase classname="backend.tests.test_phase3_lifecycle_events" name="test_investigation_creation_persists_event" time="0.273" /><testcase classname="backend.tests.test_phase3_lifecycle_events" name="test_failed_step_persists_step_failed_event" time="0.282" /><testcase classname="backend.tests.test_phase3_lifecycle_events" name="test_transport_publishes_persisted_event_identity" time="0.286" /><testcase classname="backend.tests.test_phase3_live_concurrency" name="test_live_worker_race_and_lease_takeover" time="0.116" /><testcase classname="backend.tests.test_phase3_live_concurrency" name="test_live_concurrent_event_idempotency" time="0.084" /><testcase classname="backend.tests.test_phase3_runtime" name="test_plan_rejects_unknown_duplicate_and_cycles" time="0.001" /><testcase classname="backend.tests.test_phase3_runtime" name="test_registry_invokes_new_tool_without_orchestrator_branch" time="0.002" /><testcase classname="backend.tests.test_phase3_runtime" name="test_registry_timeout_is_bounded" time="0.015" /><testcase classname="backend.tests.test_phase3_runtime" name="test_transition_rules_are_explicit_and_persisted" time="0.252" /><testcase classname="backend.tests.test_phase3_runtime" name="test_durable_executor_persists_plan_attempt_and_observation" time="0.285" /><testcase classname="backend.tests.test_phase3_runtime" name="test_replan_preserves_version_history" time="0.271" /><testcase classname="backend.tests.test_phase3_runtime" name="test_automatic_observation_replan_increments_version" time="0.279" /><testcase classname="backend.tests.test_phase3_runtime" name="test_lease_and_resume_orphan_running_attempt" time="0.254" /><testcase classname="backend.tests.test_phase3_runtime" name="test_contradictions_are_explicit_and_preserve_both_evidence" time="0.255" /><testcase classname="backend.tests.test_phase3_runtime" name="test_worker_claim_and_event_output_idempotency" time="0.257" /><testcase classname="backend.tests.test_phase3_runtime" name="test_terminal_investigation_is_noop" time="0.265" /><testcase classname="backend.tests.test_phase3_runtime" name="test_production_entrypoint_uses_registry_runtime" time="0.371" /><testcase classname="backend.tests.test_phase4_runner_boundary" name="test_runner_contract_forbids_docker_control_injection[image-evil-image]" time="0.001" /><testcase classname="backend.tests.test_phase4_runner_boundary" name="test_runner_contract_forbids_docker_control_injection[mounts-value1]" time="0.001" /><testcase classname="backend.tests.test_phase4_runner_boundary" name="test_runner_contract_forbids_docker_control_injection[network_mode-host]" time="0.001" /><testcase classname="backend.tests.test_phase4_runner_boundary" name="test_runner_contract_forbids_docker_control_injection[privileged-True]" time="0.001" /><testcase classname="backend.tests.test_phase4_runner_boundary" name="test_runner_contract_forbids_docker_control_injection[env-value4]" time="0.001" /><testcase classname="backend.tests.test_phase4_runner_boundary" name="test_runner_contract_forbids_docker_control_injection[command-value5]" time="0.001" /><testcase classname="backend.tests.test_phase4_runner_boundary" name="test_runner_requires_authentication_and_accepts_only_narrow_contract" time="0.005" /><testcase classname="backend.tests.test_phase4_runner_boundary" name="test_backend_runner_payload_has_no_runtime_controls" time="0.001" /><testcase classname="backend.tests.test_phase4_runner_boundary" name="test_remote_success_gets_deterministic_calculation_identity" time="0.001" /><testcase classname="backend.tests.test_phase4_runner_boundary" name="test_production_mode_fails_closed_even_when_local_docker_exists" time="0.001" /><testcase classname="backend.tests.test_phase4_runner_boundary" name="test_direct_local_launcher_is_also_disabled_in_production" time="0.001" /><testcase classname="backend.tests.test_phase4_sandbox_security" name="test_sandbox_safe_calculation_uses_container" time="0.557" /><testcase classname="backend.tests.test_phase4_sandbox_security" name="test_container_does_not_receive_application_secrets" time="0.555" /><testcase classname="backend.tests.test_phase4_sandbox_security" name="test_container_cannot_read_application_or_host_paths" time="1.594" /><testcase classname="backend.tests.test_phase4_sandbox_security" name="test_container_root_is_read_only_but_tmpfs_is_disposable" time="0.598" /><testcase classname="backend.tests.test_phase4_sandbox_security" name="test_container_network_is_disabled_even_if_static_policy_is_bypassed" time="0.568" /><testcase classname="backend.tests.test_phase4_sandbox_security" name="test_container_cannot_reach_localhost_or_backend_network" time="0.544" /><testcase classname="backend.tests.test_phase4_sandbox_security" name="test_infinite_loop_is_terminated_by_wall_clock_limit" time="1.183" /><testcase classname="backend.tests.test_phase4_sandbox_security" name="test_stdout_is_bounded" time="0.503" /><testcase classname="backend.tests.test_phase4_sandbox_security" name="test_memory_limit_contains_large_allocation" time="0.827" /><testcase classname="backend.tests.test_phase4_sandbox_security" name="test_process_creation_is_contained_by_pid_limit" time="0.930" /><testcase classname="backend.tests.test_phase4_sandbox_security" name="test_concurrent_sandboxes_have_distinct_execution_ids" time="0.626" /><testcase classname="backend.tests.test_phase4_sandbox_security" name="test_unavailable_production_runner_fails_closed" time="0.001" /><testcase classname="backend.tests.test_phase4_ssrf_policy" name="test_private_and_ambiguous_targets_are_blocked[127.0.0.1]" time="0.001" /><testcase classname="backend.tests.test_phase4_ssrf_policy" name="test_private_and_ambiguous_targets_are_blocked[127.1]" time="0.002" /><testcase classname="backend.tests.test_phase4_ssrf_policy" name="test_private_and_ambiguous_targets_are_blocked[localhost]" time="0.002" /><testcase classname="backend.tests.test_phase4_ssrf_policy" name="test_private_and_ambiguous_targets_are_blocked[::1]" time="0.002" /><testcase classname="backend.tests.test_phase4_ssrf_policy" name="test_private_and_ambiguous_targets_are_blocked[10.1.2.3]" time="0.001" /><testcase classname="backend.tests.test_phase4_ssrf_policy" name="test_private_and_ambiguous_targets_are_blocked[172.16.0.1]" time="0.001" /><testcase classname="backend.tests.test_phase4_ssrf_policy" name="test_private_and_ambiguous_targets_are_blocked[192.168.1.1]" time="0.001" /><testcase classname="backend.tests.test_phase4_ssrf_policy" name="test_private_and_ambiguous_targets_are_blocked[169.254.169.254]" time="0.001" /><testcase classname="backend.tests.test_phase4_ssrf_policy" name="test_private_and_ambiguous_targets_are_blocked[fc00::1]" time="0.001" /><testcase classname="backend.tests.test_phase4_ssrf_policy" name="test_private_and_ambiguous_targets_are_blocked[fe80::1]" time="0.002" /><testcase classname="backend.tests.test_phase4_ssrf_policy" name="test_private_and_ambiguous_targets_are_blocked[::ffff:127.0.0.1]" time="0.002" /><testcase classname="backend.tests.test_phase4_ssrf_policy" name="test_private_and_ambiguous_targets_are_blocked[::ffff:192.168.1.1]" time="0.001" /><testcase classname="backend.tests.test_phase4_ssrf_policy" name="test_private_and_ambiguous_targets_are_blocked[100.64.0.1]" time="0.001" /><testcase classname="backend.tests.test_phase4_ssrf_policy" name="test_unsupported_schemes_are_blocked[file]" time="0.001" /><testcase classname="backend.tests.test_phase4_ssrf_policy" name="test_unsupported_schemes_are_blocked[ftp]" time="0.001" /><testcase classname="backend.tests.test_phase4_ssrf_policy" name="test_unsupported_schemes_are_blocked[gopher]" time="0.002" /><testcase classname="backend.tests.test_phase4_ssrf_policy" name="test_unsupported_schemes_are_blocked[data]" time="0.001" /><testcase classname="backend.tests.test_phase4_ssrf_policy" name="test_unsupported_schemes_are_blocked[javascript]" time="0.001" /><testcase classname="backend.tests.test_phase4_ssrf_policy" name="test_unsupported_schemes_are_blocked[dict]" time="0.002" /><testcase classname="backend.tests.test_phase4_ssrf_policy" name="test_unsupported_schemes_are_blocked[smb]" time="0.003" /><testcase classname="backend.tests.test_phase4_ssrf_policy" name="test_unsupported_schemes_are_blocked[ldap]" time="0.001" /><testcase classname="backend.tests.test_phase4_ssrf_policy" name="test_unsupported_schemes_are_blocked[unix]" time="0.002" /><testcase classname="backend.tests.test_phase4_ssrf_policy" name="test_credentials_and_unapproved_ports_are_blocked" time="0.002" /><testcase classname="backend.tests.test_phase4_ssrf_policy" name="test_numeric_and_malformed_hosts_are_blocked" time="0.001" /><testcase classname="backend.tests.test_phase4_ssrf_policy" name="test_ip_classification_handles_mapped_and_reserved_ranges" time="0.001" /><testcase classname="backend.tests.test_phase4_ssrf_policy" name="test_dns_resolution_rejects_any_private_answer" time="0.002" /><testcase classname="backend.tests.test_phase4_ssrf_policy" name="test_dns_validation_is_pinned_to_transport_target" time="0.002" /><testcase classname="backend.tests.test_phase4_ssrf_policy" name="test_redirect_targets_are_revalidated_and_response_is_untrusted" time="0.010" /><testcase classname="backend.tests.test_phase4_ssrf_policy" name="test_large_content_length_is_rejected_before_body_read" time="0.008" /><testcase classname="backend.tests.test_phase4_ssrf_policy" name="test_web_content_is_explicitly_untrusted" time="0.005" /><testcase classname="backend.tests.test_phase4_ssrf_policy" name="test_redirect_loop_is_bounded" time="0.003" /><testcase classname="backend.tests.test_phase4_ssrf_policy" name="test_chunked_and_decoded_response_limits_are_enforced" time="0.007" /><testcase classname="backend.tests.test_phase4_ssrf_policy" name="test_compressed_response_decoded_limit_is_enforced" time="0.005" /><testcase classname="backend.tests.test_phase4_ssrf_policy" name="test_slow_response_is_bounded_by_total_timeout" time="0.020" /><testcase classname="backend.tests.test_phase4_ssrf_policy" name="test_binary_content_type_is_blocked" time="0.003" /><testcase classname="backend.tests.test_phase4_ssrf_policy" name="test_missing_content_type_is_blocked" time="0.004" /><testcase classname="backend.tests.test_phase5_gemini_provider_contract" name="test_current_gemini_models_have_explicit_modality_capabilities" time="0.001" /><testcase classname="backend.tests.test_phase5_gemini_provider_contract" name="test_capability_matrix_uses_dedicated_models" time="0.007" /><testcase classname="backend.tests.test_phase5_gemini_provider_contract" name="test_vision_interaction_uses_image_and_structured_response" time="0.005" /><testcase classname="backend.tests.test_phase5_gemini_provider_contract" name="test_transcription_request_uses_verbatim_word_timestamps_and_diarization" time="0.003" /><testcase classname="backend.tests.test_phase5_gemini_provider_contract" name="test_transcription_parser_does_not_invent_timestamps_or_speakers" time="0.000" /><testcase classname="backend.tests.test_phase5_gemini_provider_contract" name="test_gemini_is_preferred_over_openai_for_audio_when_both_are_configured" time="0.000" /><testcase classname="backend.tests.test_phase5_gemini_provider_contract" name="test_provider_http_failure_is_typed_and_fail_closed" time="0.002" /><testcase classname="backend.tests.test_phase5_multimodal" name="test_native_pdf_text_preserves_page_and_method" time="0.026" /><testcase classname="backend.tests.test_phase5_multimodal" name="test_scanned_pdf_uses_real_ocr_or_explicit_unavailability" time="0.035" /><testcase classname="backend.tests.test_phase5_multimodal" name="test_mixed_pdf_retains_native_and_ocr_or_failure_provenance" time="0.036" /><testcase classname="backend.tests.test_phase5_multimodal" name="test_parse_pdf_compatibility_api_includes_method_and_page" time="0.030" /><testcase classname="backend.tests.test_phase5_multimodal" name="test_image_validation_uses_actual_dimensions_and_rejects_malformed" time="0.020" /><testcase classname="backend.tests.test_phase5_multimodal" name="test_image_vision_structured_output_is_distinguished_from_ocr" time="0.040" /><testcase classname="backend.tests.test_phase5_multimodal" name="test_image_provider_failure_never_invents_description" time="0.013" /><testcase classname="backend.tests.test_phase5_multimodal" name="test_malformed_audio_is_rejected_before_provider_lookup" time="0.004" /><testcase classname="backend.tests.test_phase5_multimodal" name="test_audio_without_provider_is_truthfully_unavailable_for_valid_wav" time="0.003" /><testcase classname="backend.tests.test_phase5_multimodal" name="test_malformed_non_wav_audio_is_rejected" time="0.004" /><testcase classname="backend.tests.test_phase5_multimodal" name="test_audio_segments_preserve_provider_timestamps_and_null_speakers" time="0.005" /><testcase classname="backend.tests.test_phase5_multimodal" name="test_audio_provider_empty_result_is_no_text_not_fabricated" time="0.005" /><testcase classname="backend.tests.test_phase5_multimodal" name="test_production_upload_reports_image_analysis_unavailable_truthfully" time="0.268" /><testcase classname="backend.tests.test_phase5_multimodal" name="test_production_pdf_upload_persists_page_provenance_and_stable_identity" time="0.295" /><testcase classname="backend.tests.test_phase5_multimodal" name="test_capability_matrix_is_explicit_and_non_semantic_without_provider" time="0.006" /><testcase classname="backend.tests.test_phase5_multimodal" name="test_extraction_identity_is_stable_and_lineage_based" time="0.000" /><testcase classname="backend.tests.test_phase5_multimodal" name="test_multimodal_chunks_are_retrievable_with_source_provenance" time="0.310" /><testcase classname="backend.tests.test_phase5_multimodal" name="test_image_and_audio_extractions_are_retrievable_with_modality_provenance" time="0.319" /><testcase classname="backend.tests.test_phase5_multimodal" name="test_multimodal_chunk_promotes_through_evidence_and_verified_claim" time="0.302" /><testcase classname="backend.tests.test_phase5_multimodal" name="test_gemini_multimodal_contract_parses_structured_provider_output" time="0.005" /><testcase classname="backend.tests.test_phase6_platform" name="test_short_access_token_contains_minimal_session_claims" time="0.254" /><testcase classname="backend.tests.test_phase6_platform" name="test_refresh_rotates_hash_and_replay_revokes_session" time="0.264" /><testcase classname="backend.tests.test_phase6_platform" name="test_logout_revokes_refresh_and_access_session" time="0.253" /><testcase classname="backend.tests.test_phase6_platform" name="test_expired_and_malformed_access_tokens_rejected" time="0.247" /><testcase classname="backend.tests.test_phase6_platform" name="test_missing_revoked_and_expired_database_sessions_rejected" time="0.252" /><testcase classname="backend.tests.test_phase6_platform" name="test_logout_cookie_secret_must_match_before_session_revocation" time="0.267" /><testcase classname="backend.tests.test_phase6_platform" name="test_login_rate_limit_and_window_state_persist" time="0.091" /><testcase classname="backend.tests.test_phase6_platform" name="test_cors_and_security_headers" time="0.043" /><testcase classname="backend.tests.test_phase6_platform" name="test_refresh_rejects_untrusted_browser_origin" time="0.249" /><testcase classname="backend.tests.test_phase6_platform" name="test_production_configuration_fails_closed" time="0.001" /><testcase classname="backend.tests.test_phase6_platform" name="test_production_rejects_insecure_cookie" time="0.000" /><testcase classname="backend.tests.test_phase6_platform" name="test_explicit_http_deployment_requires_http_origin_and_insecure_cookie" time="0.001" /><testcase classname="backend.tests.test_phase6_platform" name="test_sse_route_has_no_query_token_contract" time="0.000" /><testcase classname="backend.tests.test_phase6_platform" name="test_sse_releases_database_before_waiting_on_client" time="0.006" /><testcase classname="backend.tests.test_phase6_platform" name="test_broadcaster_detaches_full_queue_without_blocking_fast_client" time="0.004" /><testcase classname="backend.tests.test_phase6_platform" name="test_sse_rejects_cursor_outside_authorized_investigation" time="0.003" /><testcase classname="backend.tests.test_postgres_hybrid_retrieval" name="test_clean_postgres_database_migrated_to_phase2" time="1.669" /><testcase classname="backend.tests.test_postgres_hybrid_retrieval" name="test_vector_persistence_and_semantic_ranking" time="1.685" /><testcase classname="backend.tests.test_postgres_hybrid_retrieval" name="test_postgres_fts_and_deterministic_rrf" time="1.605" /><testcase classname="backend.tests.test_postgres_hybrid_retrieval" name="test_tenant_and_source_filters_are_database_predicates" time="1.657" /><testcase classname="backend.tests.test_postgres_hybrid_retrieval" name="test_hnsw_gin_indexes_and_query_plans" time="1.851" /><testcase classname="backend.tests.test_python_sandbox" name="test_sandbox_safe_math_calculation" time="0.499" /><testcase classname="backend.tests.test_python_sandbox" name="test_sandbox_rejection_of_dangerous_imports" time="0.001" /><testcase classname="backend.tests.test_python_sandbox" name="test_sandbox_rejection_of_introspection" time="0.001" /><testcase classname="backend.tests.test_python_sandbox" name="test_sandbox_rejection_of_pandas_and_numpy_escapes" time="0.001" /><testcase classname="backend.tests.test_python_sandbox" name="test_sandbox_timeout_enforcement" time="1.214" /><testcase classname="backend.tests.test_retrieval_metrics" name="test_retrieval_metrics_are_calculated_from_ranked_results" time="0.000" /><testcase classname="backend.tests.test_ssrf" name="test_prohibited_ip_ranges" time="0.001" /><testcase classname="backend.tests.test_ssrf" name="test_url_security_validation" time="0.001" /><testcase classname="backend.tests.test_ssrf" name="test_relative_redirect_url_resolution" time="0.008" /><testcase classname="backend.tests.test_tabular" name="test_clean_table_name" time="0.001" /><testcase classname="backend.tests.test_tabular" name="test_tabular_parquet_and_duckdb_execution" time="0.044" /><testcase classname="backend.tests.test_tabular" name="test_tabular_reupload_upsert" time="0.044" /></testsuite></testsuites>